<?xml version="1.0" encoding="UTF-8"?>
<testng-results ignored="0" total="1" passed="1" failed="0" skipped="0">
  <reporter-output>
  </reporter-output>
  <suite started-at="2025-07-05T00:05:36 IST" name="Default suite" finished-at="2025-07-05T00:05:39 IST" duration-ms="3280">
    <groups>
    </groups>
    <test started-at="2025-07-05T00:05:36 IST" name="Default test" finished-at="2025-07-05T00:05:39 IST" duration-ms="3280">
      <class name="tests.LoginTest">
        <test-method is-config="true" signature="setUp()[pri:0, instance:tests.LoginTest@5fdcaa40]" started-at="2025-07-05T00:05:36 IST" name="setUp" finished-at="2025-07-05T00:05:39 IST" duration-ms="2601" status="PASS">
          <reporter-output>
          </reporter-output>
        </test-method> <!-- setUp -->
        <test-method signature="validLogin()[pri:0, instance:tests.LoginTest@5fdcaa40]" started-at="2025-07-05T00:05:39 IST" name="validLogin" finished-at="2025-07-05T00:05:39 IST" duration-ms="531" status="PASS">
          <reporter-output>
          </reporter-output>
        </test-method> <!-- validLogin -->
        <test-method is-config="true" signature="tearDown()[pri:0, instance:tests.LoginTest@5fdcaa40]" started-at="2025-07-05T00:05:39 IST" name="tearDown" finished-at="2025-07-05T00:05:39 IST" duration-ms="128" status="PASS">
          <reporter-output>
          </reporter-output>
        </test-method> <!-- tearDown -->
      </class> <!-- tests.LoginTest -->
    </test> <!-- Default test -->
  </suite> <!-- Default suite -->
</testng-results>
